<?xml version="1.0" encoding="UTF-8"?>
<testsuite xmlns:xsi="http://www.w3.org/2001/XMLSchema-instance" xsi:noNamespaceSchemaLocation="https://maven.apache.org/surefire/maven-surefire-plugin/xsd/surefire-test-report.xsd" name="domain.PersonTest" time="0.052" tests="7" errors="0" skipped="0" failures="0">
  <properties>
[...]
</properties>
  <testcase name="deletePerson" classname="domain.PersonTest" time="0"/>
  <testcase name="findAll" classname="domain.PersonTest" time="0"/>
  <testcase name="findByID" classname="domain.PersonTest" time="0.004"/>
  <testcase name="getPets" classname="domain.PersonTest" time="0.015"/>
  <testcase name="implementsEquals" classname="domain.PersonTest" time="0.009"/>
  <testcase name="personCreation" classname="domain.PersonTest" time="0.008"/>
  <testcase name="removePet" classname="domain.PersonTest" time="0.014"/>
</testsuite>